[18:28:56] [ServerMain/INFO]: Environment: authHost='https://authserver.mojang.com', accountsHost='https://api.mojang.com', sessionHost='https://sessionserver.mojang.com', servicesHost='https://api.minecraftservices.com', name='PROD'
[18:28:56] [ServerMain/INFO]: Found new data pack file/bukkit, loading it automatically
[18:28:57] [Worker-Main-1/INFO]: Loaded 7 recipes
[18:28:58] [Server thread/INFO]: Starting minecraft server version 1.18.2
[18:28:58] [Server thread/INFO]: Loading properties
[18:28:58] [Server thread/INFO]: This server is running Paper version git-Paper-388 (MC: 1.18.2) (Implementing API version 1.18.2-R0.1-SNAPSHOT) (Git: fc9ee65 on ver/1.18.2)
[18:28:58] [Server thread/INFO]: Server Ping Player Sample Count: 12
[18:28:58] [Server thread/INFO]: Using 4 threads for Netty based IO
[18:28:58] [Server thread/INFO]: Default game type: SURVIVAL
[18:28:58] [Server thread/INFO]: Generating keypair
[18:28:58] [Server thread/INFO]: Starting Minecraft server on *:25565
[18:28:58] [Server thread/INFO]: Using epoll channel type
[18:28:58] [Server thread/INFO]: Paper: Using libdeflate (Linux x86_64) compression from Velocity.
[18:28:58] [Server thread/INFO]: Paper: Using OpenSSL 1.1.x (Linux x86_64) cipher from Velocity.
[18:28:59] [Server thread/WARN]: **** SERVER IS RUNNING IN OFFLINE/INSECURE MODE!
[18:28:59] [Server thread/WARN]: The server will make no attempt to authenticate usernames. Beware.
[18:28:59] [Server thread/WARN]: While this makes the game possible to play without internet access, it also opens up the ability for hackers to connect with any username they choose.
[18:28:59] [Server thread/WARN]: To change this, set "online-mode" to "true" in the server.properties file.
[18:28:59] [Server thread/INFO]: Preparing level "world"
[18:29:07] [Server thread/INFO]: Preparing start region for dimension minecraft:overworld
[18:29:07] [Worker-Main-1/INFO]: Preparing spawn area: 0%
[18:29:07] [Server thread/INFO]: Time elapsed: 381 ms
[18:29:07] [Server thread/INFO]: Preparing start region for dimension minecraft:the_nether
[18:29:08] [Server thread/INFO]: Time elapsed: 562 ms
[18:29:08] [Server thread/INFO]: Preparing start region for dimension minecraft:the_end
[18:29:08] [Server thread/INFO]: Time elapsed: 560 ms
[18:29:08] [Server thread/INFO]: Running delayed init tasks
[18:29:08] [Server thread/INFO]: Done (10.329s)! For help, type "help"
[18:29:08] [Server thread/INFO]: Timings Reset
[18:30:58] [Server thread/INFO]: Stopping the server
[18:30:58] [Server thread/INFO]: Stopping server
[18:30:58] [Server thread/INFO]: Saving players
[18:30:59] [Server thread/INFO]: Saving worlds
[18:30:59] [Server thread/INFO]: Saving chunks for level 'ServerLevel[world]'/minecraft:overworld
[18:31:02] [Server thread/INFO]: Saving chunks for level 'ServerLevel[world_nether]'/minecraft:the_nether
[18:31:02] [Server thread/INFO]: Saving chunks for level 'ServerLevel[world_the_end]'/minecraft:the_end
[18:31:02] [Server thread/INFO]: ThreadedAnvilChunkStorage (world): All chunks are saved
[18:31:02] [Server thread/INFO]: ThreadedAnvilChunkStorage (DIM-1): All chunks are saved
[18:31:02] [Server thread/INFO]: ThreadedAnvilChunkStorage (DIM1): All chunks are saved
[18:31:02] [Server thread/INFO]: ThreadedAnvilChunkStorage: All dimensions are saved
[18:31:03] [Server thread/INFO]: Flushing Chunk IO
[18:31:03] [Server thread/INFO]: Closing Thread Pool
[18:31:03] [Server thread/INFO]: Closing Server
